<?xml version="1.0" encoding="UTF-8"?>
<testsuite name="AccountServiceTest" tests="1" skipped="0" failures="0" errors="0" timestamp="2023-09-06T05:25:53" hostname="JAEM" time="39.251">
  <properties/>
  <testcase name="start" classname="AccountServiceTest" time="39.251"/>
  <system-out><![CDATA[?[1;31m
Start test 1?[0m
?[0;34m
?[0m?[0;34m  .   ____          _            __ _ _
?[0m?[0;34m /\\ / ___'_ __ _ _(_)_ __  __ _ \ \ \ \
?[0m?[0;34m( ( )\___ | '_ | '_| | '_ \/ _` | \ \ \ \
?[0m?[0;34m \\/  ___)| |_)| | | | | || (_| |  ) ) ) )
?[0m?[0;34m  '  |____| .__|_| |_|_| |_\__, | / / / /
?[0m?[0;34m =========|_|==============|___/=/_/_/_/
?[0m?[0;34m :: Spring Boot ::                (v2.5.6)
?[0m?[0;34m
?[0m?[0;34m2023-09-06 14:25:54.827  INFO 41316 --- [    Test worker] account.AccountServiceApplicationKt      : Starting AccountServiceApplicationKt using Java 17.0.7 on JAEM with PID 41316 (started by jaemc in C:\Users\jaemc\Downloads\Account Service (Kotlin)\Account Service (Kotlin)\task)
?[0m?[0;34m2023-09-06 14:25:54.831  INFO 41316 --- [    Test worker] account.AccountServiceApplicationKt      : No active profile set, falling back to default profiles: default
?[0m?[0;34m2023-09-06 14:25:56.132  INFO 41316 --- [    Test worker] .s.d.r.c.RepositoryConfigurationDelegate : Bootstrapping Spring Data JPA repositories in DEFAULT mode.
?[0m?[0;34m2023-09-06 14:25:56.199  INFO 41316 --- [    Test worker] .s.d.r.c.RepositoryConfigurationDelegate : Finished Spring Data repository scanning in 53 ms. Found 2 JPA repository interfaces.
?[0m?[0;34m2023-09-06 14:25:56.757  INFO 41316 --- [    Test worker] o.s.b.w.embedded.tomcat.TomcatWebServer  : Tomcat initialized with port(s): 28852 (http)
?[0m?[0;34m2023-09-06 14:25:56.773  INFO 41316 --- [    Test worker] o.apache.catalina.core.StandardService   : Starting service [Tomcat]
?[0m?[0;34m2023-09-06 14:25:56.774  INFO 41316 --- [    Test worker] org.apache.catalina.core.StandardEngine  : Starting Servlet engine: [Apache Tomcat/9.0.54]
?[0m?[0;34m2023-09-06 14:25:56.869  INFO 41316 --- [    Test worker] o.a.c.c.C.[Tomcat].[localhost].[/]       : Initializing Spring embedded WebApplicationContext
?[0m?[0;34m2023-09-06 14:25:56.869  INFO 41316 --- [    Test worker] w.s.c.ServletWebServerApplicationContext : Root WebApplicationContext: initialization completed in 1981 ms
?[0m?[0;34m2023-09-06 14:25:56.971  INFO 41316 --- [    Test worker] com.zaxxer.hikari.HikariDataSource       : HikariPool-1 - Starting...
?[0m?[0;34m2023-09-06 14:25:57.150  INFO 41316 --- [    Test worker] com.zaxxer.hikari.HikariDataSource       : HikariPool-1 - Start completed.
?[0m?[0;34m2023-09-06 14:25:57.158  INFO 41316 --- [    Test worker] o.s.b.a.h2.H2ConsoleAutoConfiguration    : H2 console available at '/h2-console'. Database available at 'jdbc:h2:file:../service_db'
?[0m?[0;34m2023-09-06 14:25:57.308  INFO 41316 --- [    Test worker] o.hibernate.jpa.internal.util.LogHelper  : HHH000204: Processing PersistenceUnitInfo [name: default]
?[0m?[0;34m2023-09-06 14:25:57.368  INFO 41316 --- [    Test worker] org.hibernate.Version                    : HHH000412: Hibernate ORM core version 5.4.32.Final
?[0m?[0;34m2023-09-06 14:25:57.528  INFO 41316 --- [    Test worker] o.hibernate.annotations.common.Version   : HCANN000001: Hibernate Commons Annotations {5.1.2.Final}
?[0m?[0;34m2023-09-06 14:25:57.651  INFO 41316 --- [    Test worker] org.hibernate.dialect.Dialect            : HHH000400: Using dialect: org.hibernate.dialect.H2Dialect
?[0m?[0;34m2023-09-06 14:25:58.096  INFO 41316 --- [    Test worker] o.h.e.t.j.p.i.JtaPlatformInitiator       : HHH000490: Using JtaPlatform implementation: [org.hibernate.engine.transaction.jta.platform.internal.NoJtaPlatform]
?[0m?[0;34m2023-09-06 14:25:58.104  INFO 41316 --- [    Test worker] j.LocalContainerEntityManagerFactoryBean : Initialized JPA EntityManagerFactory for persistence unit 'default'
?[0m?[0;34m2023-09-06 14:25:58.970  INFO 41316 --- [    Test worker] o.s.s.web.DefaultSecurityFilterChain     : Will secure any request with [org.springframework.security.web.context.request.async.WebAsyncManagerIntegrationFilter@2eb0932c, org.springframework.security.web.context.SecurityContextPersistenceFilter@594965c9, org.springframework.security.web.header.HeaderWriterFilter@73dc7db0, org.springframework.security.web.authentication.logout.LogoutFilter@61c644fe, org.springframework.security.web.authentication.www.BasicAuthenticationFilter@1454339d, org.springframework.security.web.savedrequest.RequestCacheAwareFilter@78839c2e, org.springframework.security.web.servletapi.SecurityContextHolderAwareRequestFilter@7890324e, org.springframework.security.web.authentication.AnonymousAuthenticationFilter@82382d1, org.springframework.security.web.session.SessionManagementFilter@52b77d5e, org.springframework.security.web.access.ExceptionTranslationFilter@3533d790, org.springframework.security.web.access.intercept.FilterSecurityInterceptor@41041c31]
?[0m?[0;34m2023-09-06 14:25:59.041  WARN 41316 --- [    Test worker] JpaBaseConfiguration$JpaWebConfiguration : spring.jpa.open-in-view is enabled by default. Therefore, database queries may be performed during view rendering. Explicitly configure spring.jpa.open-in-view to disable this warning
?[0m?[0;34m2023-09-06 14:25:59.492  INFO 41316 --- [    Test worker] o.s.b.a.e.web.EndpointLinksResolver      : Exposing 14 endpoint(s) beneath base path '/actuator'
?[0m?[0;34m2023-09-06 14:25:59.531  INFO 41316 --- [    Test worker] o.s.b.w.embedded.tomcat.TomcatWebServer  : Tomcat started on port(s): 28852 (http) with context path ''
?[0m?[0;34m2023-09-06 14:25:59.544  INFO 41316 --- [    Test worker] account.AccountServiceApplicationKt      : Started AccountServiceApplicationKt in 5.124 seconds (JVM running for 6.183)
?[0;34m2023-09-06 14:25:59.814  INFO 41316 --- [io-28852-exec-1] o.a.c.c.C.[Tomcat].[localhost].[/]       : Initializing Spring DispatcherServlet 'dispatcherServlet'
?[0m?[0;34m2023-09-06 14:25:59.815  INFO 41316 --- [io-28852-exec-1] o.s.web.servlet.DispatcherServlet        : Initializing Servlet 'dispatcherServlet'
?[0m?[0;34m2023-09-06 14:25:59.816  INFO 41316 --- [io-28852-exec-1] o.s.web.servlet.DispatcherServlet        : Completed initialization in 1 ms
?[0m?[1;31m
Start test 2?[0m
?[0;34m2023-09-06 14:26:00.071  WARN 41316 --- [io-28852-exec-2] .w.s.m.s.DefaultHandlerExceptionResolver : Resolved [org.springframework.http.converter.HttpMessageNotReadableException: JSON parse error: Instantiation of [simple type, class account.dto.SignUpRequest] value failed for JSON property name due to missing (therefore NULL) value for creator parameter name which is a non-nullable type; nested exception is com.fasterxml.jackson.module.kotlin.MissingKotlinParameterException: Instantiation of [simple type, class account.dto.SignUpRequest] value failed for JSON property name due to missing (therefore NULL) value for creator parameter name which is a non-nullable type<LF> at [Source: (PushbackInputStream); line: 1, column: 71] (through reference chain: account.dto.SignUpRequest["name"])]
?[1;31m
Start test 3?[0m
?[1;31m
Start test 4?[0m
?[0;34m2023-09-06 14:26:00.101  WARN 41316 --- [io-28852-exec-4] .w.s.m.s.DefaultHandlerExceptionResolver : Resolved [org.springframework.http.converter.HttpMessageNotReadableException: JSON parse error: Instantiation of [simple type, class account.dto.SignUpRequest] value failed for JSON property lastname due to missing (therefore NULL) value for creator parameter lastname which is a non-nullable type; nested exception is com.fasterxml.jackson.module.kotlin.MissingKotlinParameterException: Instantiation of [simple type, class account.dto.SignUpRequest] value failed for JSON property lastname due to missing (therefore NULL) value for creator parameter lastname which is a non-nullable type<LF> at [Source: (PushbackInputStream); line: 1, column: 68] (through reference chain: account.dto.SignUpRequest["lastname"])]
?[1;31m
Start test 5?[0m
?[1;31m
Start test 6?[0m
?[0;34m2023-09-06 14:26:00.124  WARN 41316 --- [io-28852-exec-6] .w.s.m.s.DefaultHandlerExceptionResolver : Resolved [org.springframework.http.converter.HttpMessageNotReadableException: JSON parse error: Instantiation of [simple type, class account.dto.SignUpRequest] value failed for JSON property email due to missing (therefore NULL) value for creator parameter email which is a non-nullable type; nested exception is com.fasterxml.jackson.module.kotlin.MissingKotlinParameterException: Instantiation of [simple type, class account.dto.SignUpRequest] value failed for JSON property email due to missing (therefore NULL) value for creator parameter email which is a non-nullable type<LF> at [Source: (PushbackInputStream); line: 1, column: 58] (through reference chain: account.dto.SignUpRequest["email"])]
?[1;31m
Start test 7?[0m
?[1;31m
Start test 8?[0m
?[0;34m2023-09-06 14:26:00.143  WARN 41316 --- [io-28852-exec-8] .w.s.m.s.DefaultHandlerExceptionResolver : Resolved [org.springframework.http.converter.HttpMessageNotReadableException: JSON parse error: Instantiation of [simple type, class account.dto.SignUpRequest] value failed for JSON property password due to missing (therefore NULL) value for creator parameter password which is a non-nullable type; nested exception is com.fasterxml.jackson.module.kotlin.MissingKotlinParameterException: Instantiation of [simple type, class account.dto.SignUpRequest] value failed for JSON property password due to missing (therefore NULL) value for creator parameter password which is a non-nullable type<LF> at [Source: (PushbackInputStream); line: 1, column: 59] (through reference chain: account.dto.SignUpRequest["password"])]
?[1;31m
Start test 9?[0m
?[1;31m
Start test 10?[0m
?[1;31m
Start test 11?[0m
?[1;31m
Start test 12?[0m
?[1;31m
Start test 13?[0m
?[1;31m
Start test 14?[0m
?[1;31m
Start test 15?[0m
?[1;31m
Start test 16?[0m
?[1;31m
Start test 17?[0m
?[1;31m
Start test 18?[0m
?[1;31m
Start test 19?[0m
?[1;31m
Start test 20?[0m
?[1;31m
Start test 21?[0m
?[1;31m
Start test 22?[0m
?[1;31m
Start test 23?[0m
?[1;31m
Start test 24?[0m
?[1;31m
Start test 25?[0m
?[1;31m
Start test 26?[0m
?[1;31m
Start test 27?[0m
?[1;31m
Start test 28?[0m
?[1;31m
Start test 29?[0m
?[1;31m
Start test 30?[0m
?[1;31m
Start test 31?[0m
?[1;31m
Start test 32?[0m
?[1;31m
Start test 33?[0m
?[1;31m
Start test 34?[0m
?[1;31m
Start test 35?[0m
?[0;34m2023-09-06 14:26:16.837  INFO 41316 --- [       Thread-5] j.LocalContainerEntityManagerFactoryBean : Closing JPA EntityManagerFactory for persistence unit 'default'
?[0m?[0;34m2023-09-06 14:26:16.839  INFO 41316 --- [       Thread-5] com.zaxxer.hikari.HikariDataSource       : HikariPool-1 - Shutdown initiated...
?[0m?[0;34m2023-09-06 14:26:16.847  INFO 41316 --- [       Thread-5] com.zaxxer.hikari.HikariDataSource       : HikariPool-1 - Shutdown completed.
?[0;34m
?[0m?[0;34m  .   ____          _            __ _ _
?[0m?[0;34m /\\ / ___'_ __ _ _(_)_ __  __ _ \ \ \ \
?[0m?[0;34m( ( )\___ | '_ | '_| | '_ \/ _` | \ \ \ \
?[0m?[0;34m \\/  ___)| |_)| | | | | || (_| |  ) ) ) )
?[0m?[0;34m  '  |____| .__|_| |_|_| |_\__, | / / / /
?[0m?[0;34m =========|_|==============|___/=/_/_/_/
?[0m?[0;34m :: Spring Boot ::                (v2.5.6)
?[0m?[0;34m
?[0m?[0;34m2023-09-06 14:26:27.048  INFO 41316 --- [    Test worker] account.AccountServiceApplicationKt      : Starting AccountServiceApplicationKt using Java 17.0.7 on JAEM with PID 41316 (started by jaemc in C:\Users\jaemc\Downloads\Account Service (Kotlin)\Account Service (Kotlin)\task)
?[0m?[0;34m2023-09-06 14:26:27.049  INFO 41316 --- [    Test worker] account.AccountServiceApplicationKt      : No active profile set, falling back to default profiles: default
?[0m?[0;34m2023-09-06 14:26:27.253  INFO 41316 --- [    Test worker] .s.d.r.c.RepositoryConfigurationDelegate : Bootstrapping Spring Data JPA repositories in DEFAULT mode.
?[0m?[0;34m2023-09-06 14:26:27.269  INFO 41316 --- [    Test worker] .s.d.r.c.RepositoryConfigurationDelegate : Finished Spring Data repository scanning in 15 ms. Found 2 JPA repository interfaces.
?[0m?[0;34m2023-09-06 14:26:27.322  INFO 41316 --- [    Test worker] o.s.b.w.embedded.tomcat.TomcatWebServer  : Tomcat initialized with port(s): 28852 (http)
?[0m?[0;34m2023-09-06 14:26:27.323  INFO 41316 --- [    Test worker] o.apache.catalina.core.StandardService   : Starting service [Tomcat]
?[0m?[0;34m2023-09-06 14:26:27.323  INFO 41316 --- [    Test worker] org.apache.catalina.core.StandardEngine  : Starting Servlet engine: [Apache Tomcat/9.0.54]
?[0m?[0;34m2023-09-06 14:26:27.343  INFO 41316 --- [    Test worker] o.a.c.c.C.[Tomcat].[localhost].[/]       : Initializing Spring embedded WebApplicationContext
?[0m?[0;34m2023-09-06 14:26:27.344  INFO 41316 --- [    Test worker] w.s.c.ServletWebServerApplicationContext : Root WebApplicationContext: initialization completed in 293 ms
?[0m?[0;34m2023-09-06 14:26:27.361  INFO 41316 --- [    Test worker] com.zaxxer.hikari.HikariDataSource       : HikariPool-2 - Starting...
?[0m?[0;34m2023-09-06 14:26:27.367  INFO 41316 --- [    Test worker] com.zaxxer.hikari.HikariDataSource       : HikariPool-2 - Start completed.
?[0m?[0;34m2023-09-06 14:26:27.367  INFO 41316 --- [    Test worker] o.s.b.a.h2.H2ConsoleAutoConfiguration    : H2 console available at '/h2-console'. Database available at 'jdbc:h2:file:../service_db'
?[0m?[0;34m2023-09-06 14:26:27.396  INFO 41316 --- [    Test worker] o.hibernate.jpa.internal.util.LogHelper  : HHH000204: Processing PersistenceUnitInfo [name: default]
?[0m?[0;34m2023-09-06 14:26:27.401  INFO 41316 --- [    Test worker] org.hibernate.dialect.Dialect            : HHH000400: Using dialect: org.hibernate.dialect.H2Dialect
?[0m?[0;34m2023-09-06 14:26:27.436  INFO 41316 --- [    Test worker] o.h.e.t.j.p.i.JtaPlatformInitiator       : HHH000490: Using JtaPlatform implementation: [org.hibernate.engine.transaction.jta.platform.internal.NoJtaPlatform]
?[0m?[0;34m2023-09-06 14:26:27.436  INFO 41316 --- [    Test worker] j.LocalContainerEntityManagerFactoryBean : Initialized JPA EntityManagerFactory for persistence unit 'default'
?[0m?[0;34m2023-09-06 14:26:27.511  INFO 41316 --- [    Test worker] o.s.s.web.DefaultSecurityFilterChain     : Will secure any request with [org.springframework.security.web.context.request.async.WebAsyncManagerIntegrationFilter@61ee9672, org.springframework.security.web.context.SecurityContextPersistenceFilter@2083bcfd, org.springframework.security.web.header.HeaderWriterFilter@dd5ea90, org.springframework.security.web.authentication.logout.LogoutFilter@72e806, org.springframework.security.web.authentication.www.BasicAuthenticationFilter@270a113f, org.springframework.security.web.savedrequest.RequestCacheAwareFilter@7aabbe81, org.springframework.security.web.servletapi.SecurityContextHolderAwareRequestFilter@58885a2e, org.springframework.security.web.authentication.AnonymousAuthenticationFilter@361065d1, org.springframework.security.web.session.SessionManagementFilter@48c5a07d, org.springframework.security.web.access.ExceptionTranslationFilter@4fd2b418, org.springframework.security.web.access.intercept.FilterSecurityInterceptor@30367620]
?[0m?[0;34m2023-09-06 14:26:27.533  WARN 41316 --- [    Test worker] JpaBaseConfiguration$JpaWebConfiguration : spring.jpa.open-in-view is enabled by default. Therefore, database queries may be performed during view rendering. Explicitly configure spring.jpa.open-in-view to disable this warning
?[0m?[0;34m2023-09-06 14:26:27.629  INFO 41316 --- [    Test worker] o.s.b.a.e.web.EndpointLinksResolver      : Exposing 14 endpoint(s) beneath base path '/actuator'
?[0m?[0;34m2023-09-06 14:26:27.638  INFO 41316 --- [    Test worker] o.s.b.w.embedded.tomcat.TomcatWebServer  : Tomcat started on port(s): 28852 (http) with context path ''
?[0m?[0;34m2023-09-06 14:26:27.642  INFO 41316 --- [    Test worker] account.AccountServiceApplicationKt      : Started AccountServiceApplicationKt in 0.608 seconds (JVM running for 34.281)
?[0m?[1;31m
Start test 36?[0m
?[0;34m2023-09-06 14:26:27.648  INFO 41316 --- [io-28852-exec-1] o.a.c.c.C.[Tomcat].[localhost].[/]       : Initializing Spring DispatcherServlet 'dispatcherServlet'
?[0m?[0;34m2023-09-06 14:26:27.648  INFO 41316 --- [io-28852-exec-1] o.s.web.servlet.DispatcherServlet        : Initializing Servlet 'dispatcherServlet'
?[0m?[0;34m2023-09-06 14:26:27.650  INFO 41316 --- [io-28852-exec-1] o.s.web.servlet.DispatcherServlet        : Completed initialization in 1 ms
?[1;31m
Start test 37?[0m
?[1;31m
Start test 38?[0m
?[1;31m
Start test 39?[0m
?[1;31m
Start test 40?[0m
?[1;31m
Start test 41?[0m
?[1;31m
Start test 42?[0m
?[1;31m
Start test 43?[0m
?[1;31m
Start test 44?[0m
?[1;31m
Start test 45?[0m
?[1;31m
Start test 46?[0m
?[1;31m
Start test 47?[0m
?[1;31m
Start test 48?[0m
?[1;31m
Start test 49?[0m
?[1;31m
Start test 50?[0m
?[1;31m
Start test 51?[0m
?[1;31m
Start test 52?[0m
?[1;31m
Start test 53?[0m
]]></system-out>
  <system-err><![CDATA[]]></system-err>
</testsuite>
